<?xml version="1.0" encoding="UTF-8"?>
<testng-results skipped="0" failed="0" ignored="0" total="1" passed="1">
  <reporter-output>
  </reporter-output>
  <suite name="Default suite" duration-ms="1061" started-at="2017-06-15T11:12:33Z" finished-at="2017-06-15T11:12:34Z">
    <groups>
    </groups>
    <test name="Default test" duration-ms="1061" started-at="2017-06-15T11:12:33Z" finished-at="2017-06-15T11:12:34Z">
      <class name="testCases.TC001_Extent_InitialSetup">
        <test-method status="PASS" signature="createExtentInstance()[pri:0, instance:testCases.TC001_Extent_InitialSetup@31a5c39e]" name="createExtentInstance" is-config="true" duration-ms="451" started-at="2017-06-15T16:42:33Z" finished-at="2017-06-15T16:42:33Z">
          <reporter-output>
          </reporter-output>
        </test-method> <!-- createExtentInstance -->
        <test-method status="PASS" signature="tc001()[pri:0, instance:testCases.TC001_Extent_InitialSetup@31a5c39e]" name="tc001" duration-ms="32" started-at="2017-06-15T16:42:33Z" finished-at="2017-06-15T16:42:33Z">
          <reporter-output>
          </reporter-output>
        </test-method> <!-- tc001 -->
        <test-method status="PASS" signature="tearDownFunction()[pri:0, instance:testCases.TC001_Extent_InitialSetup@31a5c39e]" name="tearDownFunction" is-config="true" duration-ms="527" started-at="2017-06-15T16:42:33Z" finished-at="2017-06-15T16:42:34Z">
          <reporter-output>
          </reporter-output>
        </test-method> <!-- tearDownFunction -->
      </class> <!-- testCases.TC001_Extent_InitialSetup -->
    </test> <!-- Default test -->
  </suite> <!-- Default suite -->
</testng-results>
